  PlatformDemo.cpp
C:\Ryan\grpc\protobuffer_compile\grpc\include\grpcpp\impl\codegen\proto_utils.h(52,1): warning C4267: 'initializing': conversion from 'size_t' to 'int', possible loss of data
C:\Ryan\grpc\protobuffer_compile\grpc\include\grpcpp\impl\codegen\proto_utils.h(107): message : see reference to function template instantiation 'grpc::Status grpc::GenericSerialize<grpc::ProtoBufferWriter,T>(const grpc::protobuf::MessageLite &,grpc::ByteBuffer *,bool *)' being compiled
          with
          [
              T=google::longrunning::Operation
          ]
C:\Ryan\grpc\protobuffer_compile\grpc\include\grpcpp\impl\codegen\proto_utils.h(106): message : while compiling class template member function 'grpc::Status grpc::SerializationTraits<R,void>::Serialize(const grpc::protobuf::MessageLite &,grpc::ByteBuffer *,bool *)'
          with
          [
              R=google::longrunning::Operation
          ]
C:\Ryan\grpc\protobuffer_compile\grpc\include\grpcpp\impl\codegen\call_op_set.h(387): message : see reference to function template instantiation 'grpc::Status grpc::SerializationTraits<R,void>::Serialize(const grpc::protobuf::MessageLite &,grpc::ByteBuffer *,bool *)' being compiled
          with
          [
              R=google::longrunning::Operation
          ]
C:\Ryan\grpc\protobuffer_compile\grpc\include\grpcpp\impl\codegen\call_op_set.h(451): message : see reference to class template instantiation 'grpc::SerializationTraits<R,void>' being compiled
          with
          [
              R=google::longrunning::Operation
          ]
C:\Ryan\grpc\protobuffer_compile\grpc\include\grpcpp\impl\codegen\call_op_set.h(446): message : while compiling class template member function 'void grpc::internal::CallOpRecvMessage<R>::FinishOp(bool *)'
          with
          [
              R=google::longrunning::Operation
          ]
C:\Ryan\grpc\protobuffer_compile\grpc\include\grpcpp\impl\codegen\call_op_set.h(888): message : see reference to function template instantiation 'void grpc::internal::CallOpRecvMessage<R>::FinishOp(bool *)' being compiled
          with
          [
              R=google::longrunning::Operation
          ]
C:\Ryan\grpc\protobuffer_compile\grpc\include\grpcpp\impl\codegen\call_op_set.h(838): message : see reference to class template instantiation 'grpc::internal::CallOpRecvMessage<R>' being compiled
          with
          [
              R=google::longrunning::Operation
          ]
C:\Ryan\grpc\protobuffer_compile\grpc\include\grpcpp\impl\codegen\async_unary_call_impl.h(188): message : see reference to class template instantiation 'grpc::internal::CallOpSet<grpc::internal::CallOpSendInitialMetadata,grpc::internal::CallOpSendMessage,grpc::internal::CallOpClientSendClose,grpc::internal::CallOpRecvInitialMetadata,grpc::internal::CallOpRecvMessage<R>,grpc::internal::CallOpClientRecvStatus>' being compiled
          with
          [
              R=google::longrunning::Operation
          ]
C:\Ryan\grpc\umi_proto_factory\PlatformDemo\improbable\spatialos\deployment\v1alpha1\deployment.grpc.pb.h(589): message : see reference to class template instantiation 'grpc_impl::ClientAsyncResponseReader<google::longrunning::Operation>' being compiled
  PlatformDemo.vcxproj -> C:\Ryan\grpc\umi_proto_factory\PlatformDemo\x64\Debug\PlatformDemo.exe
