c:\ryan\grpc\umi_proto_factory\platformdemo\x64\debug\vc142.pdb
c:\ryan\grpc\umi_proto_factory\platformdemo\x64\debug\vc142.idb
c:\ryan\grpc\umi_proto_factory\platformdemo\x64\debug\platformdemo.obj
c:\ryan\grpc\umi_proto_factory\platformdemo\x64\debug\snapshot.pb.obj
c:\ryan\grpc\umi_proto_factory\platformdemo\x64\debug\serviceaccount.pb.obj
c:\ryan\grpc\umi_proto_factory\platformdemo\x64\debug\playerauth.pb.obj
c:\ryan\grpc\umi_proto_factory\platformdemo\x64\debug\deployment.pb.obj
c:\ryan\grpc\umi_proto_factory\platformdemo\x64\debug\deployment.grpc.pb.obj
c:\ryan\grpc\umi_proto_factory\platformdemo\x64\debug\perms.pb.obj
c:\ryan\grpc\umi_proto_factory\platformdemo\x64\debug\status.pb.obj
c:\ryan\grpc\umi_proto_factory\platformdemo\x64\debug\operations.pb.obj
c:\ryan\grpc\umi_proto_factory\platformdemo\x64\debug\http.pb.obj
c:\ryan\grpc\umi_proto_factory\platformdemo\x64\debug\field_behavior.pb.obj
c:\ryan\grpc\umi_proto_factory\platformdemo\x64\debug\client.pb.obj
c:\ryan\grpc\umi_proto_factory\platformdemo\x64\debug\annotations.pb.obj
c:\ryan\grpc\umi_proto_factory\platformdemo\x64\debug\validator.pb.obj
c:\ryan\grpc\umi_proto_factory\platformdemo\x64\debug\cli.pb.obj
c:\ryan\grpc\umi_proto_factory\platformdemo\x64\debug\logfields.pb.obj
c:\ryan\grpc\umi_proto_factory\platformdemo\x64\debug\platformdemo.pdb
c:\ryan\grpc\umi_proto_factory\platformdemo\x64\debug\platformdemo.tlog\cl.command.1.tlog
c:\ryan\grpc\umi_proto_factory\platformdemo\x64\debug\platformdemo.tlog\cl.read.1.tlog
c:\ryan\grpc\umi_proto_factory\platformdemo\x64\debug\platformdemo.tlog\cl.write.1.tlog
c:\ryan\grpc\umi_proto_factory\platformdemo\x64\debug\platformdemo.tlog\link-cvtres.read.1.tlog
c:\ryan\grpc\umi_proto_factory\platformdemo\x64\debug\platformdemo.tlog\link-cvtres.write.1.tlog
c:\ryan\grpc\umi_proto_factory\platformdemo\x64\debug\platformdemo.tlog\link-rc.read.1.tlog
c:\ryan\grpc\umi_proto_factory\platformdemo\x64\debug\platformdemo.tlog\link-rc.write.1.tlog
c:\ryan\grpc\umi_proto_factory\platformdemo\x64\debug\platformdemo.tlog\link.command.1.tlog
c:\ryan\grpc\umi_proto_factory\platformdemo\x64\debug\platformdemo.tlog\link.read.1.tlog
c:\ryan\grpc\umi_proto_factory\platformdemo\x64\debug\platformdemo.tlog\link.write.1.tlog
